<?xml version="1.0" encoding="UTF-8"?>
<!-- Generated by org.testng.reporters.JUnitXMLReporter -->
<testsuite ignored="0" hostname="EVT01213NB" failures="2" tests="2" name="Test" time="32.642" errors="0" timestamp="2020-04-30T21:34:23 EET">
  <testcase classname="AppiumPractise.AppiumFrameworkPractise.ECommerce_tc_3" name="totalValidation" time="24.379">
    <failure type="org.openqa.selenium.SessionNotCreatedException" message="Unable to create a new remote session. Please check the server log for more details. Original error: Unable to parse remote response: &amp;lt;!DOCTYPE html&amp;gt;
&amp;lt;html lang=&amp;quot;en&amp;quot;&amp;gt;
&amp;lt;head&amp;gt;
&amp;lt;meta charset=&amp;quot;utf-8&amp;quot;&amp;gt;
&amp;lt;title&amp;gt;Error&amp;lt;/title&amp;gt;
&amp;lt;/head&amp;gt;
&amp;lt;body&amp;gt;
&amp;lt;pre&amp;gt;Error: EPIPE: broken pipe, write&amp;lt;br&amp;gt; &amp;amp;nbsp; &amp;amp;nbsp;at Socket._write (internal/net.js:62:25)&amp;lt;br&amp;gt; &amp;amp;nbsp; &amp;amp;nbsp;at doWrite (_stream_writable.js:441:12)&amp;lt;br&amp;gt; &amp;amp;nbsp; &amp;amp;nbsp;at writeOrBuffer (_stream_writable.js:425:5)&amp;lt;br&amp;gt; &amp;amp;nbsp; &amp;amp;nbsp;at Socket.Writable.write (_stream_writable.js:316:11)&amp;lt;br&amp;gt; &amp;amp;nbsp; &amp;amp;nbsp;at Console.log (C:\Users\z003srtv\AppData\Roaming\npm\node_modules\appium\node_modules\winston\lib\winston\transports\console.js:79:23)&amp;lt;br&amp;gt; &amp;amp;nbsp; &amp;amp;nbsp;at Console._write (C:\Users\z003srtv\AppData\Roaming\npm\node_modules\appium\node_modules\winston-transport\index.js:102:17)&amp;lt;br&amp;gt; &amp;amp;nbsp; &amp;amp;nbsp;at doWrite (C:\Users\z003srtv\AppData\Roaming\npm\node_modules\appium\node_modules\readable-stream\lib\_stream_writable.js:428:64)&amp;lt;br&amp;gt; &amp;amp;nbsp; &amp;amp;nbsp;at writeOrBuffer (C:\Users\z003srtv\AppData\Roaming\npm\node_modules\appium\node_modules\readable-stream\lib\_stream_writable.js:417:5)&amp;lt;br&amp;gt; &amp;amp;nbsp; &amp;amp;nbsp;at Console.Writable.write (C:\Users\z003srtv\AppData\Roaming\npm\node_modules\appium\node_modules\readable-stream\lib\_stream_writable.js:334:11)&amp;lt;br&amp;gt; &amp;amp;nbsp; &amp;amp;nbsp;at DerivedLogger.ondata (C:\Users\z003srtv\AppData\Roaming\npm\node_modules\appium\node_modules\winston\node_modules\readable-stream\lib\_stream_readable.js:681:20)&amp;lt;br&amp;gt; &amp;amp;nbsp; &amp;amp;nbsp;at DerivedLogger.emit (events.js:311:20)&amp;lt;br&amp;gt; &amp;amp;nbsp; &amp;amp;nbsp;at addChunk (C:\Users\z003srtv\AppData\Roaming\npm\node_modules\appium\node_modules\winston\node_modules\readable-stream\lib\_stream_readable.js:298:12)&amp;lt;br&amp;gt; &amp;amp;nbsp; &amp;amp;nbsp;at readableAddChunk (C:\Users\z003srtv\AppData\Roaming\npm\node_modules\appium\node_modules\winston\node_modules\readable-stream\lib\_stream_readable.js:280:11)&amp;lt;br&amp;gt; &amp;amp;nbsp; &amp;amp;nbsp;at DerivedLogger.Readable.push (C:\Users\z003srtv\AppData\Roaming\npm\node_modules\appium\node_modules\winston\node_modules\readable-stream\lib\_stream_readable.js:241:10)&amp;lt;br&amp;gt; &amp;amp;nbsp; &amp;amp;nbsp;at DerivedLogger.Transform.push (C:\Users\z003srtv\AppData\Roaming\npm\node_modules\appium\node_modules\winston\node_modules\readable-stream\lib\_stream_transform.js:139:32)&amp;lt;br&amp;gt; &amp;amp;nbsp; &amp;amp;nbsp;at DerivedLogger._transform (C:\Users\z003srtv\AppData\Roaming\npm\node_modules\appium\node_modules\winston\lib\winston\logger.js:305:12)&amp;lt;br&amp;gt; &amp;amp;nbsp; &amp;amp;nbsp;at DerivedLogger.Transform._read (C:\Users\z003srtv\AppData\Roaming\npm\node_modules\appium\node_modules\winston\node_modules\readable-stream\lib\_stream_transform.js:177:10)&amp;lt;br&amp;gt; &amp;amp;nbsp; &amp;amp;nbsp;at DerivedLogger.Transform._write (C:\Users\z003srtv\AppData\Roaming\npm\node_modules\appium\node_modules\winston\node_modules\readable-stream\lib\_stream_transform.js:164:83)&amp;lt;br&amp;gt; &amp;amp;nbsp; &amp;amp;nbsp;at doWrite (C:\Users\z003srtv\AppData\Roaming\npm\node_modules\appium\node_modules\winston\node_modules\readable-stream\lib\_stream_writable.js:409:139)&amp;lt;br&amp;gt; &amp;amp;nbsp; &amp;amp;nbsp;at writeOrBuffer (C:\Users\z003srtv\AppData\Roaming\npm\node_modules\appium\node_modules\winston\node_modules\readable-stream\lib\_stream_writable.js:398:5)&amp;lt;br&amp;gt; &amp;amp;nbsp; &amp;amp;nbsp;at DerivedLogger.Writable.write (C:\Users\z003srtv\AppData\Roaming\npm\node_modules\appium\node_modules\winston\node_modules\readable-stream\lib\_stream_writable.js:307:11)&amp;lt;br&amp;gt; &amp;amp;nbsp; &amp;amp;nbsp;at DerivedLogger.&amp;amp;lt;computed&amp;amp;gt; [as info] (C:\Users\z003srtv\AppData\Roaming\npm\node_modules\appium\node_modules\winston\lib\winston\create-logger.js:81:14)&amp;lt;/pre&amp;gt;
&amp;lt;/body&amp;gt;
&amp;lt;/html&amp;gt;

Build info: version: &amp;apos;3.141.59&amp;apos;, revision: &amp;apos;e82be7d358&amp;apos;, time: &amp;apos;2018-11-14T08:17:03&amp;apos;
System info: host: &amp;apos;EVT01213NB&amp;apos;, ip: &amp;apos;192.168.192.1&amp;apos;, os.name: &amp;apos;Windows 10&amp;apos;, os.arch: &amp;apos;amd64&amp;apos;, os.version: &amp;apos;10.0&amp;apos;, java.version: &amp;apos;10.0.2&amp;apos;
Driver info: driver.version: AndroidDriver">
      <![CDATA[org.openqa.selenium.SessionNotCreatedException: Unable to create a new remote session. Please check the server log for more details. Original error: Unable to parse remote response: <!DOCTYPE html>
<html lang="en">
<head>
<meta charset="utf-8">
<title>Error</title>
</head>
<body>
<pre>Error: EPIPE: broken pipe, write<br> &nbsp; &nbsp;at Socket._write (internal/net.js:62:25)<br> &nbsp; &nbsp;at doWrite (_stream_writable.js:441:12)<br> &nbsp; &nbsp;at writeOrBuffer (_stream_writable.js:425:5)<br> &nbsp; &nbsp;at Socket.Writable.write (_stream_writable.js:316:11)<br> &nbsp; &nbsp;at Console.log (C:\Users\z003srtv\AppData\Roaming\npm\node_modules\appium\node_modules\winston\lib\winston\transports\console.js:79:23)<br> &nbsp; &nbsp;at Console._write (C:\Users\z003srtv\AppData\Roaming\npm\node_modules\appium\node_modules\winston-transport\index.js:102:17)<br> &nbsp; &nbsp;at doWrite (C:\Users\z003srtv\AppData\Roaming\npm\node_modules\appium\node_modules\readable-stream\lib\_stream_writable.js:428:64)<br> &nbsp; &nbsp;at writeOrBuffer (C:\Users\z003srtv\AppData\Roaming\npm\node_modules\appium\node_modules\readable-stream\lib\_stream_writable.js:417:5)<br> &nbsp; &nbsp;at Console.Writable.write (C:\Users\z003srtv\AppData\Roaming\npm\node_modules\appium\node_modules\readable-stream\lib\_stream_writable.js:334:11)<br> &nbsp; &nbsp;at DerivedLogger.ondata (C:\Users\z003srtv\AppData\Roaming\npm\node_modules\appium\node_modules\winston\node_modules\readable-stream\lib\_stream_readable.js:681:20)<br> &nbsp; &nbsp;at DerivedLogger.emit (events.js:311:20)<br> &nbsp; &nbsp;at addChunk (C:\Users\z003srtv\AppData\Roaming\npm\node_modules\appium\node_modules\winston\node_modules\readable-stream\lib\_stream_readable.js:298:12)<br> &nbsp; &nbsp;at readableAddChunk (C:\Users\z003srtv\AppData\Roaming\npm\node_modules\appium\node_modules\winston\node_modules\readable-stream\lib\_stream_readable.js:280:11)<br> &nbsp; &nbsp;at DerivedLogger.Readable.push (C:\Users\z003srtv\AppData\Roaming\npm\node_modules\appium\node_modules\winston\node_modules\readable-stream\lib\_stream_readable.js:241:10)<br> &nbsp; &nbsp;at DerivedLogger.Transform.push (C:\Users\z003srtv\AppData\Roaming\npm\node_modules\appium\node_modules\winston\node_modules\readable-stream\lib\_stream_transform.js:139:32)<br> &nbsp; &nbsp;at DerivedLogger._transform (C:\Users\z003srtv\AppData\Roaming\npm\node_modules\appium\node_modules\winston\lib\winston\logger.js:305:12)<br> &nbsp; &nbsp;at DerivedLogger.Transform._read (C:\Users\z003srtv\AppData\Roaming\npm\node_modules\appium\node_modules\winston\node_modules\readable-stream\lib\_stream_transform.js:177:10)<br> &nbsp; &nbsp;at DerivedLogger.Transform._write (C:\Users\z003srtv\AppData\Roaming\npm\node_modules\appium\node_modules\winston\node_modules\readable-stream\lib\_stream_transform.js:164:83)<br> &nbsp; &nbsp;at doWrite (C:\Users\z003srtv\AppData\Roaming\npm\node_modules\appium\node_modules\winston\node_modules\readable-stream\lib\_stream_writable.js:409:139)<br> &nbsp; &nbsp;at writeOrBuffer (C:\Users\z003srtv\AppData\Roaming\npm\node_modules\appium\node_modules\winston\node_modules\readable-stream\lib\_stream_writable.js:398:5)<br> &nbsp; &nbsp;at DerivedLogger.Writable.write (C:\Users\z003srtv\AppData\Roaming\npm\node_modules\appium\node_modules\winston\node_modules\readable-stream\lib\_stream_writable.js:307:11)<br> &nbsp; &nbsp;at DerivedLogger.&lt;computed&gt; [as info] (C:\Users\z003srtv\AppData\Roaming\npm\node_modules\appium\node_modules\winston\lib\winston\create-logger.js:81:14)</pre>
</body>
</html>

Build info: version: '3.141.59', revision: 'e82be7d358', time: '2018-11-14T08:17:03'
System info: host: 'EVT01213NB', ip: '192.168.192.1', os.name: 'Windows 10', os.arch: 'amd64', os.version: '10.0', java.version: '10.0.2'
Driver info: driver.version: AndroidDriver
at io.appium.java_client.remote.AppiumCommandExecutor$1.createSession(AppiumCommandExecutor.java:208)
at io.appium.java_client.remote.AppiumCommandExecutor.createSession(AppiumCommandExecutor.java:217)
at io.appium.java_client.remote.AppiumCommandExecutor.execute(AppiumCommandExecutor.java:239)
at org.openqa.selenium.remote.RemoteWebDriver.execute(RemoteWebDriver.java:552)
at io.appium.java_client.DefaultGenericMobileDriver.execute(DefaultGenericMobileDriver.java:41)
at io.appium.java_client.AppiumDriver.execute(AppiumDriver.java:1)
at io.appium.java_client.android.AndroidDriver.execute(AndroidDriver.java:1)
at org.openqa.selenium.remote.RemoteWebDriver.startSession(RemoteWebDriver.java:213)
at io.appium.java_client.AppiumDriver.startSession(AppiumDriver.java:336)
at org.openqa.selenium.remote.RemoteWebDriver.<init>(RemoteWebDriver.java:131)
at io.appium.java_client.DefaultGenericMobileDriver.<init>(DefaultGenericMobileDriver.java:37)
at io.appium.java_client.AppiumDriver.<init>(AppiumDriver.java:88)
at io.appium.java_client.AppiumDriver.<init>(AppiumDriver.java:98)
at io.appium.java_client.android.AndroidDriver.<init>(AndroidDriver.java:94)
at AppiumPractise.AppiumFrameworkPractise.Base.Capabilities(Base.java:88)
at AppiumPractise.AppiumFrameworkPractise.ECommerce_tc_3.totalValidation(ECommerce_tc_3.java:23)
at java.base/java.util.ArrayList.forEach(Unknown Source)
at io.appium.java_client.remote.AppiumCommandExecutor$1.createSession(AppiumCommandExecutor.java:186)
... 43 more
Caused by: org.openqa.selenium.WebDriverException: Unable to parse remote response: <!DOCTYPE html>
<html lang="en">
<head>
<meta charset="utf-8">
<title>Error</title>
</head>
<body>
<pre>Error: EPIPE: broken pipe, write<br> &nbsp; &nbsp;at Socket._write (internal/net.js:62:25)<br> &nbsp; &nbsp;at doWrite (_stream_writable.js:441:12)<br> &nbsp; &nbsp;at writeOrBuffer (_stream_writable.js:425:5)<br> &nbsp; &nbsp;at Socket.Writable.write (_stream_writable.js:316:11)<br> &nbsp; &nbsp;at Console.log (C:\Users\z003srtv\AppData\Roaming\npm\node_modules\appium\node_modules\winston\lib\winston\transports\console.js:79:23)<br> &nbsp; &nbsp;at Console._write (C:\Users\z003srtv\AppData\Roaming\npm\node_modules\appium\node_modules\winston-transport\index.js:102:17)<br> &nbsp; &nbsp;at doWrite (C:\Users\z003srtv\AppData\Roaming\npm\node_modules\appium\node_modules\readable-stream\lib\_stream_writable.js:428:64)<br> &nbsp; &nbsp;at writeOrBuffer (C:\Users\z003srtv\AppData\Roaming\npm\node_modules\appium\node_modules\readable-stream\lib\_stream_writable.js:417:5)<br> &nbsp; &nbsp;at Console.Writable.write (C:\Users\z003srtv\AppData\Roaming\npm\node_modules\appium\node_modules\readable-stream\lib\_stream_writable.js:334:11)<br> &nbsp; &nbsp;at DerivedLogger.ondata (C:\Users\z003srtv\AppData\Roaming\npm\node_modules\appium\node_modules\winston\node_modules\readable-stream\lib\_stream_readable.js:681:20)<br> &nbsp; &nbsp;at DerivedLogger.emit (events.js:311:20)<br> &nbsp; &nbsp;at addChunk (C:\Users\z003srtv\AppData\Roaming\npm\node_modules\appium\node_modules\winston\node_modules\readable-stream\lib\_stream_readable.js:298:12)<br> &nbsp; &nbsp;at readableAddChunk (C:\Users\z003srtv\AppData\Roaming\npm\node_modules\appium\node_modules\winston\node_modules\readable-stream\lib\_stream_readable.js:280:11)<br> &nbsp; &nbsp;at DerivedLogger.Readable.push (C:\Users\z003srtv\AppData\Roaming\npm\node_modules\appium\node_modules\winston\node_modules\readable-stream\lib\_stream_readable.js:241:10)<br> &nbsp; &nbsp;at DerivedLogger.Transform.push (C:\Users\z003srtv\AppData\Roaming\npm\node_modules\appium\node_modules\winston\node_modules\readable-stream\lib\_stream_transform.js:139:32)<br> &nbsp; &nbsp;at DerivedLogger._transform (C:\Users\z003srtv\AppData\Roaming\npm\node_modules\appium\node_modules\winston\lib\winston\logger.js:305:12)<br> &nbsp; &nbsp;at DerivedLogger.Transform._read (C:\Users\z003srtv\AppData\Roaming\npm\node_modules\appium\node_modules\winston\node_modules\readable-stream\lib\_stream_transform.js:177:10)<br> &nbsp; &nbsp;at DerivedLogger.Transform._write (C:\Users\z003srtv\AppData\Roaming\npm\node_modules\appium\node_modules\winston\node_modules\readable-stream\lib\_stream_transform.js:164:83)<br> &nbsp; &nbsp;at doWrite (C:\Users\z003srtv\AppData\Roaming\npm\node_modules\appium\node_modules\winston\node_modules\readable-stream\lib\_stream_writable.js:409:139)<br> &nbsp; &nbsp;at writeOrBuffer (C:\Users\z003srtv\AppData\Roaming\npm\node_modules\appium\node_modules\winston\node_modules\readable-stream\lib\_stream_writable.js:398:5)<br> &nbsp; &nbsp;at DerivedLogger.Writable.write (C:\Users\z003srtv\AppData\Roaming\npm\node_modules\appium\node_modules\winston\node_modules\readable-stream\lib\_stream_writable.js:307:11)<br> &nbsp; &nbsp;at DerivedLogger.&lt;computed&gt; [as info] (C:\Users\z003srtv\AppData\Roaming\npm\node_modules\appium\node_modules\winston\lib\winston\create-logger.js:81:14)</pre>
</body>
</html>

at org.openqa.selenium.remote.ProtocolHandshake.createSession(ProtocolHandshake.java:115)
... 48 more
Caused by: org.openqa.selenium.json.JsonException: Unable to determine type from: <. Last 1 characters read: <
Build info: version: '3.141.59', revision: 'e82be7d358', time: '2018-11-14T08:17:03'
System info: host: 'EVT01213NB', ip: '192.168.192.1', os.name: 'Windows 10', os.arch: 'amd64', os.version: '10.0', java.version: '10.0.2'
Driver info: driver.version: AndroidDriver
at org.openqa.selenium.json.JsonInput.peek(JsonInput.java:122)
at org.openqa.selenium.json.JsonTypeCoercer.lambda$null$6(JsonTypeCoercer.java:140)
at org.openqa.selenium.json.JsonTypeCoercer.coerce(JsonTypeCoercer.java:126)
at org.openqa.selenium.json.Json.toType(Json.java:69)
at org.openqa.selenium.json.Json.toType(Json.java:55)
at org.openqa.selenium.json.Json.toType(Json.java:50)
at org.openqa.selenium.remote.ProtocolHandshake.createSession(ProtocolHandshake.java:112)
... 48 more
... Removed 32 stack frames]]>
    </failure>
  </testcase> <!-- totalValidation -->
  <testcase classname="AppiumPractise.AppiumFrameworkPractise.ApiDemoTest" name="ApiDemoApp" time="8.18">
    <failure type="org.openqa.selenium.SessionNotCreatedException" message="Unable to create a new remote session. Please check the server log for more details. Original error: An unknown server-side error occurred while processing the command. Original error: Could not find &amp;apos;adb.exe&amp;apos; in [&amp;quot;C:\\Users\\z003srtv\\AppData\\Local\\Android\\Sdk;C:\\Users\\z003srtv\\AppData\\Local\\Android\\Sdk\\platform-tools;C:\\Users\\z003srtv\\AppData\\Local\\Android\\Sdk\\tools;C:\\Users\\z003srtv\\AppData\\Local\\Android\\Sdk\\tools\\bin;\\platform-tools\\adb.exe&amp;quot;,&amp;quot;C:\\Users\\z003srtv\\AppData\\Local\\Android\\Sdk;C:\\Users\\z003srtv\\AppData\\Local\\Android\\Sdk\\platform-tools;C:\\Users\\z003srtv\\AppData\\Local\\Android\\Sdk\\tools;C:\\Users\\z003srtv\\AppData\\Local\\Android\\Sdk\\tools\\bin;\\emulator\\adb.exe&amp;quot;,&amp;quot;C:\\Users\\z003srtv\\AppData\\Local\\Android\\Sdk;C:\\Users\\z003srtv\\AppData\\Local\\Android\\Sdk\\platform-tools;C:\\Users\\z003srtv\\AppData\\Local\\Android\\Sdk\\tools;C:\\Users\\z003srtv\\AppData\\Local\\Android\\Sdk\\tools\\bin;\\tools\\adb.exe&amp;quot;,&amp;quot;C:\\Users\\z003srtv\\AppData\\Local\\Android\\Sdk;C:\\Users\\z003srtv\\AppData\\Local\\Android\\Sdk\\platform-tools;C:\\Users\\z003srtv\\AppData\\Local\\Android\\Sdk\\tools;C:\\Users\\z003srtv\\AppData\\Local\\Android\\Sdk\\tools\\bin;\\tools\\bin\\adb.exe&amp;quot;]. Do you have Android Build Tools installed at &amp;apos;C:\Users\z003srtv\AppData\Local\Android\Sdk;C:\Users\z003srtv\AppData\Local\Android\Sdk\platform-tools;C:\Users\z003srtv\AppData\Local\Android\Sdk\tools;C:\Users\z003srtv\AppData\Local\Android\Sdk\tools\bin;&amp;apos;?
Build info: version: &amp;apos;3.141.59&amp;apos;, revision: &amp;apos;e82be7d358&amp;apos;, time: &amp;apos;2018-11-14T08:17:03&amp;apos;
System info: host: &amp;apos;EVT01213NB&amp;apos;, ip: &amp;apos;192.168.192.1&amp;apos;, os.name: &amp;apos;Windows 10&amp;apos;, os.arch: &amp;apos;amd64&amp;apos;, os.version: &amp;apos;10.0&amp;apos;, java.version: &amp;apos;10.0.2&amp;apos;
Driver info: driver.version: AndroidDriver
remote stacktrace: UnknownError: An unknown server-side error occurred while processing the command. Original error: Could not find &amp;apos;adb.exe&amp;apos; in [&amp;quot;C:\\Users\\z003srtv\\AppData\\Local\\Android\\Sdk;C:\\Users\\z003srtv\\AppData\\Local\\Android\\Sdk\\platform-tools;C:\\Users\\z003srtv\\AppData\\Local\\Android\\Sdk\\tools;C:\\Users\\z003srtv\\AppData\\Local\\Android\\Sdk\\tools\\bin;\\platform-tools\\adb.exe&amp;quot;,&amp;quot;C:\\Users\\z003srtv\\AppData\\Local\\Android\\Sdk;C:\\Users\\z003srtv\\AppData\\Local\\Android\\Sdk\\platform-tools;C:\\Users\\z003srtv\\AppData\\Local\\Android\\Sdk\\tools;C:\\Users\\z003srtv\\AppData\\Local\\Android\\Sdk\\tools\\bin;\\emulator\\adb.exe&amp;quot;,&amp;quot;C:\\Users\\z003srtv\\AppData\\Local\\Android\\Sdk;C:\\Users\\z003srtv\\AppData\\Local\\Android\\Sdk\\platform-tools;C:\\Users\\z003srtv\\AppData\\Local\\Android\\Sdk\\tools;C:\\Users\\z003srtv\\AppData\\Local\\Android\\Sdk\\tools\\bin;\\tools\\adb.exe&amp;quot;,&amp;quot;C:\\Users\\z003srtv\\AppData\\Local\\Android\\Sdk;C:\\Users\\z003srtv\\AppData\\Local\\Android\\Sdk\\platform-tools;C:\\Users\\z003srtv\\AppData\\Local\\Android\\Sdk\\tools;C:\\Users\\z003srtv\\AppData\\Local\\Android\\Sdk\\tools\\bin;\\tools\\bin\\adb.exe&amp;quot;]. Do you have Android Build Tools installed at &amp;apos;C:\Users\z003srtv\AppData\Local\Android\Sdk;C:\Users\z003srtv\AppData\Local\Android\Sdk\platform-tools;C:\Users\z003srtv\AppData\Local\Android\Sdk\tools;C:\Users\z003srtv\AppData\Local\Android\Sdk\tools\bin;&amp;apos;?
    at getResponseForW3CError (C:\Users\z003srtv\AppData\Roaming\npm\node_modules\appium\node_modules\appium-base-driver\lib\protocol\errors.js:804:9)
    at asyncHandler (C:\Users\z003srtv\AppData\Roaming\npm\node_modules\appium\node_modules\appium-base-driver\lib\protocol\protocol.js:392:37)
Build info: version: &amp;apos;3.141.59&amp;apos;, revision: &amp;apos;e82be7d358&amp;apos;, time: &amp;apos;2018-11-14T08:17:03&amp;apos;
System info: host: &amp;apos;EVT01213NB&amp;apos;, ip: &amp;apos;192.168.192.1&amp;apos;, os.name: &amp;apos;Windows 10&amp;apos;, os.arch: &amp;apos;amd64&amp;apos;, os.version: &amp;apos;10.0&amp;apos;, java.version: &amp;apos;10.0.2&amp;apos;
Driver info: driver.version: AndroidDriver">
      <![CDATA[org.openqa.selenium.SessionNotCreatedException: Unable to create a new remote session. Please check the server log for more details. Original error: An unknown server-side error occurred while processing the command. Original error: Could not find 'adb.exe' in ["C:\\Users\\z003srtv\\AppData\\Local\\Android\\Sdk;C:\\Users\\z003srtv\\AppData\\Local\\Android\\Sdk\\platform-tools;C:\\Users\\z003srtv\\AppData\\Local\\Android\\Sdk\\tools;C:\\Users\\z003srtv\\AppData\\Local\\Android\\Sdk\\tools\\bin;\\platform-tools\\adb.exe","C:\\Users\\z003srtv\\AppData\\Local\\Android\\Sdk;C:\\Users\\z003srtv\\AppData\\Local\\Android\\Sdk\\platform-tools;C:\\Users\\z003srtv\\AppData\\Local\\Android\\Sdk\\tools;C:\\Users\\z003srtv\\AppData\\Local\\Android\\Sdk\\tools\\bin;\\emulator\\adb.exe","C:\\Users\\z003srtv\\AppData\\Local\\Android\\Sdk;C:\\Users\\z003srtv\\AppData\\Local\\Android\\Sdk\\platform-tools;C:\\Users\\z003srtv\\AppData\\Local\\Android\\Sdk\\tools;C:\\Users\\z003srtv\\AppData\\Local\\Android\\Sdk\\tools\\bin;\\tools\\adb.exe","C:\\Users\\z003srtv\\AppData\\Local\\Android\\Sdk;C:\\Users\\z003srtv\\AppData\\Local\\Android\\Sdk\\platform-tools;C:\\Users\\z003srtv\\AppData\\Local\\Android\\Sdk\\tools;C:\\Users\\z003srtv\\AppData\\Local\\Android\\Sdk\\tools\\bin;\\tools\\bin\\adb.exe"]. Do you have Android Build Tools installed at 'C:\Users\z003srtv\AppData\Local\Android\Sdk;C:\Users\z003srtv\AppData\Local\Android\Sdk\platform-tools;C:\Users\z003srtv\AppData\Local\Android\Sdk\tools;C:\Users\z003srtv\AppData\Local\Android\Sdk\tools\bin;'?
Build info: version: '3.141.59', revision: 'e82be7d358', time: '2018-11-14T08:17:03'
System info: host: 'EVT01213NB', ip: '192.168.192.1', os.name: 'Windows 10', os.arch: 'amd64', os.version: '10.0', java.version: '10.0.2'
Driver info: driver.version: AndroidDriver
remote stacktrace: UnknownError: An unknown server-side error occurred while processing the command. Original error: Could not find 'adb.exe' in ["C:\\Users\\z003srtv\\AppData\\Local\\Android\\Sdk;C:\\Users\\z003srtv\\AppData\\Local\\Android\\Sdk\\platform-tools;C:\\Users\\z003srtv\\AppData\\Local\\Android\\Sdk\\tools;C:\\Users\\z003srtv\\AppData\\Local\\Android\\Sdk\\tools\\bin;\\platform-tools\\adb.exe","C:\\Users\\z003srtv\\AppData\\Local\\Android\\Sdk;C:\\Users\\z003srtv\\AppData\\Local\\Android\\Sdk\\platform-tools;C:\\Users\\z003srtv\\AppData\\Local\\Android\\Sdk\\tools;C:\\Users\\z003srtv\\AppData\\Local\\Android\\Sdk\\tools\\bin;\\emulator\\adb.exe","C:\\Users\\z003srtv\\AppData\\Local\\Android\\Sdk;C:\\Users\\z003srtv\\AppData\\Local\\Android\\Sdk\\platform-tools;C:\\Users\\z003srtv\\AppData\\Local\\Android\\Sdk\\tools;C:\\Users\\z003srtv\\AppData\\Local\\Android\\Sdk\\tools\\bin;\\tools\\adb.exe","C:\\Users\\z003srtv\\AppData\\Local\\Android\\Sdk;C:\\Users\\z003srtv\\AppData\\Local\\Android\\Sdk\\platform-tools;C:\\Users\\z003srtv\\AppData\\Local\\Android\\Sdk\\tools;C:\\Users\\z003srtv\\AppData\\Local\\Android\\Sdk\\tools\\bin;\\tools\\bin\\adb.exe"]. Do you have Android Build Tools installed at 'C:\Users\z003srtv\AppData\Local\Android\Sdk;C:\Users\z003srtv\AppData\Local\Android\Sdk\platform-tools;C:\Users\z003srtv\AppData\Local\Android\Sdk\tools;C:\Users\z003srtv\AppData\Local\Android\Sdk\tools\bin;'?
    at getResponseForW3CError (C:\Users\z003srtv\AppData\Roaming\npm\node_modules\appium\node_modules\appium-base-driver\lib\protocol\errors.js:804:9)
    at asyncHandler (C:\Users\z003srtv\AppData\Roaming\npm\node_modules\appium\node_modules\appium-base-driver\lib\protocol\protocol.js:392:37)
Build info: version: '3.141.59', revision: 'e82be7d358', time: '2018-11-14T08:17:03'
System info: host: 'EVT01213NB', ip: '192.168.192.1', os.name: 'Windows 10', os.arch: 'amd64', os.version: '10.0', java.version: '10.0.2'
Driver info: driver.version: AndroidDriver
at io.appium.java_client.remote.AppiumCommandExecutor$1.createSession(AppiumCommandExecutor.java:208)
at io.appium.java_client.remote.AppiumCommandExecutor.createSession(AppiumCommandExecutor.java:217)
at io.appium.java_client.remote.AppiumCommandExecutor.execute(AppiumCommandExecutor.java:239)
at org.openqa.selenium.remote.RemoteWebDriver.execute(RemoteWebDriver.java:552)
at io.appium.java_client.DefaultGenericMobileDriver.execute(DefaultGenericMobileDriver.java:41)
at io.appium.java_client.AppiumDriver.execute(AppiumDriver.java:1)
at io.appium.java_client.android.AndroidDriver.execute(AndroidDriver.java:1)
at org.openqa.selenium.remote.RemoteWebDriver.startSession(RemoteWebDriver.java:213)
at io.appium.java_client.AppiumDriver.startSession(AppiumDriver.java:336)
at org.openqa.selenium.remote.RemoteWebDriver.<init>(RemoteWebDriver.java:131)
at io.appium.java_client.DefaultGenericMobileDriver.<init>(DefaultGenericMobileDriver.java:37)
at io.appium.java_client.AppiumDriver.<init>(AppiumDriver.java:88)
at io.appium.java_client.AppiumDriver.<init>(AppiumDriver.java:98)
at io.appium.java_client.android.AndroidDriver.<init>(AndroidDriver.java:94)
at AppiumPractise.AppiumFrameworkPractise.Base.Capabilities(Base.java:88)
at AppiumPractise.AppiumFrameworkPractise.ApiDemoTest.ApiDemoApp(ApiDemoTest.java:20)
at java.base/java.util.ArrayList.forEach(Unknown Source)
at io.appium.java_client.remote.AppiumCommandExecutor$1.createSession(AppiumCommandExecutor.java:186)
... 43 more
Caused by: org.openqa.selenium.WebDriverException: An unknown server-side error occurred while processing the command. Original error: Could not find 'adb.exe' in ["C:\\Users\\z003srtv\\AppData\\Local\\Android\\Sdk;C:\\Users\\z003srtv\\AppData\\Local\\Android\\Sdk\\platform-tools;C:\\Users\\z003srtv\\AppData\\Local\\Android\\Sdk\\tools;C:\\Users\\z003srtv\\AppData\\Local\\Android\\Sdk\\tools\\bin;\\platform-tools\\adb.exe","C:\\Users\\z003srtv\\AppData\\Local\\Android\\Sdk;C:\\Users\\z003srtv\\AppData\\Local\\Android\\Sdk\\platform-tools;C:\\Users\\z003srtv\\AppData\\Local\\Android\\Sdk\\tools;C:\\Users\\z003srtv\\AppData\\Local\\Android\\Sdk\\tools\\bin;\\emulator\\adb.exe","C:\\Users\\z003srtv\\AppData\\Local\\Android\\Sdk;C:\\Users\\z003srtv\\AppData\\Local\\Android\\Sdk\\platform-tools;C:\\Users\\z003srtv\\AppData\\Local\\Android\\Sdk\\tools;C:\\Users\\z003srtv\\AppData\\Local\\Android\\Sdk\\tools\\bin;\\tools\\adb.exe","C:\\Users\\z003srtv\\AppData\\Local\\Android\\Sdk;C:\\Users\\z003srtv\\AppData\\Local\\Android\\Sdk\\platform-tools;C:\\Users\\z003srtv\\AppData\\Local\\Android\\Sdk\\tools;C:\\Users\\z003srtv\\AppData\\Local\\Android\\Sdk\\tools\\bin;\\tools\\bin\\adb.exe"]. Do you have Android Build Tools installed at 'C:\Users\z003srtv\AppData\Local\Android\Sdk;C:\Users\z003srtv\AppData\Local\Android\Sdk\platform-tools;C:\Users\z003srtv\AppData\Local\Android\Sdk\tools;C:\Users\z003srtv\AppData\Local\Android\Sdk\tools\bin;'?
Build info: version: '3.141.59', revision: 'e82be7d358', time: '2018-11-14T08:17:03'
System info: host: 'EVT01213NB', ip: '192.168.192.1', os.name: 'Windows 10', os.arch: 'amd64', os.version: '10.0', java.version: '10.0.2'
Driver info: driver.version: AndroidDriver
remote stacktrace: UnknownError: An unknown server-side error occurred while processing the command. Original error: Could not find 'adb.exe' in ["C:\\Users\\z003srtv\\AppData\\Local\\Android\\Sdk;C:\\Users\\z003srtv\\AppData\\Local\\Android\\Sdk\\platform-tools;C:\\Users\\z003srtv\\AppData\\Local\\Android\\Sdk\\tools;C:\\Users\\z003srtv\\AppData\\Local\\Android\\Sdk\\tools\\bin;\\platform-tools\\adb.exe","C:\\Users\\z003srtv\\AppData\\Local\\Android\\Sdk;C:\\Users\\z003srtv\\AppData\\Local\\Android\\Sdk\\platform-tools;C:\\Users\\z003srtv\\AppData\\Local\\Android\\Sdk\\tools;C:\\Users\\z003srtv\\AppData\\Local\\Android\\Sdk\\tools\\bin;\\emulator\\adb.exe","C:\\Users\\z003srtv\\AppData\\Local\\Android\\Sdk;C:\\Users\\z003srtv\\AppData\\Local\\Android\\Sdk\\platform-tools;C:\\Users\\z003srtv\\AppData\\Local\\Android\\Sdk\\tools;C:\\Users\\z003srtv\\AppData\\Local\\Android\\Sdk\\tools\\bin;\\tools\\adb.exe","C:\\Users\\z003srtv\\AppData\\Local\\Android\\Sdk;C:\\Users\\z003srtv\\AppData\\Local\\Android\\Sdk\\platform-tools;C:\\Users\\z003srtv\\AppData\\Local\\Android\\Sdk\\tools;C:\\Users\\z003srtv\\AppData\\Local\\Android\\Sdk\\tools\\bin;\\tools\\bin\\adb.exe"]. Do you have Android Build Tools installed at 'C:\Users\z003srtv\AppData\Local\Android\Sdk;C:\Users\z003srtv\AppData\Local\Android\Sdk\platform-tools;C:\Users\z003srtv\AppData\Local\Android\Sdk\tools;C:\Users\z003srtv\AppData\Local\Android\Sdk\tools\bin;'?
    at getResponseForW3CError (C:\Users\z003srtv\AppData\Roaming\npm\node_modules\appium\node_modules\appium-base-driver\lib\protocol\errors.js:804:9)
    at asyncHandler (C:\Users\z003srtv\AppData\Roaming\npm\node_modules\appium\node_modules\appium-base-driver\lib\protocol\protocol.js:392:37)
at org.openqa.selenium.remote.W3CHandshakeResponse.lambda$errorHandler$0(W3CHandshakeResponse.java:62)
at org.openqa.selenium.remote.HandshakeResponse.lambda$getResponseFunction$0(HandshakeResponse.java:30)
at org.openqa.selenium.remote.ProtocolHandshake.lambda$createSession$0(ProtocolHandshake.java:126)
at java.base/java.util.stream.ReferencePipeline$3$1.accept(Unknown Source)
at java.base/java.util.Spliterators$ArraySpliterator.tryAdvance(Unknown Source)
at java.base/java.util.stream.ReferencePipeline.forEachWithCancel(Unknown Source)
at java.base/java.util.stream.AbstractPipeline.copyIntoWithCancel(Unknown Source)
at java.base/java.util.stream.AbstractPipeline.copyInto(Unknown Source)
at java.base/java.util.stream.AbstractPipeline.wrapAndCopyInto(Unknown Source)
at java.base/java.util.stream.FindOps$FindOp.evaluateSequential(Unknown Source)
at java.base/java.util.stream.AbstractPipeline.evaluate(Unknown Source)
at java.base/java.util.stream.ReferencePipeline.findFirst(Unknown Source)
at org.openqa.selenium.remote.ProtocolHandshake.createSession(ProtocolHandshake.java:128)
... 48 more
... Removed 36 stack frames]]>
    </failure>
  </testcase> <!-- ApiDemoApp -->
</testsuite> <!-- Test -->
